>>> @twii/ui-core-sample
webpack 
Hash: 96d71436b82edebe9b85
Version: webpack 3.11.0
Time: 15745ms
                                               Asset       Size  Chunks                    Chunk Names
          fonts/segoeui-greek/segoeui-semilight.woff    31.9 kB          [emitted]         
                                                0.js    22.1 kB       0  [emitted]         
                                                2.js      22 kB       2  [emitted]         
                                                3.js    8.93 kB       3  [emitted]         
                                             main.js     180 kB       4  [emitted]         main
                                           vendor.js    2.73 MB       5  [emitted]  [big]  vendor
                                            0.js.map    30.3 kB       0  [emitted]         
                                            1.js.map    27.8 kB       1  [emitted]         
                                            2.js.map    31.3 kB       2  [emitted]         
                                            3.js.map    7.08 kB       3  [emitted]         
                                         main.js.map     243 kB       4  [emitted]         main
                                       vendor.js.map    3.36 MB       5  [emitted]         vendor
                                          index.html  639 bytes          [emitted]         
     fonts/leelawadeeui-thai/leelawadeeui-bold.woff2    43.5 kB          [emitted]         
      fonts/leelawadeeui-thai/leelawadeeui-bold.woff    55.9 kB          [emitted]         
    fonts/leelawadeeui-thai/leelawadeeui-light.woff2    45.1 kB          [emitted]         
  fonts/leelawadeeui-thai/leelawadeeui-regular.woff2    47.6 kB          [emitted]         
     fonts/leelawadeeui-thai/leelawadeeui-light.woff    57.5 kB          [emitted]         
   fonts/leelawadeeui-thai/leelawadeeui-regular.woff    60.3 kB          [emitted]         
 fonts/leelawadeeui-thai/leelawadeeui-semibold.woff2    43.5 kB          [emitted]         
 fonts/leelawadeeui-thai/leelawadeeui-semilight.woff    57.5 kB          [emitted]         
  fonts/leelawadeeui-thai/leelawadeeui-semibold.woff    55.9 kB          [emitted]         
fonts/leelawadeeui-thai/leelawadeeui-semilight.woff2    45.1 kB          [emitted]         
             fonts/segoeui-arabic/segoeui-light.woff      76 kB          [emitted]         
            fonts/segoeui-arabic/segoeui-light.woff2    59.6 kB          [emitted]         
          fonts/segoeui-arabic/segoeui-regular.woff2    61.3 kB          [emitted]         
          fonts/segoeui-arabic/segoeui-semibold.woff    79.4 kB          [emitted]         
           fonts/segoeui-arabic/segoeui-regular.woff    78.1 kB          [emitted]         
         fonts/segoeui-arabic/segoeui-semibold.woff2    61.7 kB          [emitted]         
          fonts/segoeui-cyrillic/segoeui-light.woff2    23.3 kB          [emitted]         
           fonts/segoeui-cyrillic/segoeui-light.woff      31 kB          [emitted]         
         fonts/segoeui-arabic/segoeui-semilight.woff      78 kB          [emitted]         
        fonts/segoeui-arabic/segoeui-semilight.woff2    60.8 kB          [emitted]         
        fonts/segoeui-cyrillic/segoeui-regular.woff2    30.9 kB          [emitted]         
       fonts/segoeui-cyrillic/segoeui-semilight.woff    34.7 kB          [emitted]         
        fonts/segoeui-cyrillic/segoeui-semibold.woff    36.4 kB          [emitted]         
         fonts/segoeui-cyrillic/segoeui-regular.woff    41.1 kB          [emitted]         
       fonts/segoeui-cyrillic/segoeui-semibold.woff2    25.9 kB          [emitted]         
      fonts/segoeui-cyrillic/segoeui-semilight.woff2    25.3 kB          [emitted]         
       fonts/segoeui-easteuropean/segoeui-light.woff    39.2 kB          [emitted]         
    fonts/segoeui-easteuropean/segoeui-regular.woff2    35.8 kB          [emitted]         
      fonts/segoeui-easteuropean/segoeui-light.woff2    28.8 kB          [emitted]         
   fonts/segoeui-easteuropean/segoeui-semilight.woff    43.1 kB          [emitted]         
     fonts/segoeui-easteuropean/segoeui-regular.woff    49.4 kB          [emitted]         
   fonts/segoeui-easteuropean/segoeui-semibold.woff2    32.5 kB          [emitted]         
    fonts/segoeui-easteuropean/segoeui-semibold.woff    46.2 kB          [emitted]         
  fonts/segoeui-easteuropean/segoeui-semilight.woff2      30 kB          [emitted]         
              fonts/segoeui-greek/segoeui-light.woff      31 kB          [emitted]         
             fonts/segoeui-greek/segoeui-light.woff2    23.5 kB          [emitted]         
            fonts/segoeui-greek/segoeui-regular.woff    37.8 kB          [emitted]         
           fonts/segoeui-greek/segoeui-regular.woff2    29.1 kB          [emitted]         
         fonts/segoeui-greek/segoeui-semilight.woff2    23.7 kB          [emitted]         
           fonts/segoeui-greek/segoeui-semibold.woff    33.3 kB          [emitted]         
                                                1.js    19.7 kB       1  [emitted]         
             fonts/segoeui-hebrew/segoeui-light.woff    27.7 kB          [emitted]         
            fonts/segoeui-hebrew/segoeui-light.woff2    43.3 kB          [emitted]         
          fonts/segoeui-greek/segoeui-semibold.woff2    24.9 kB          [emitted]         
         fonts/segoeui-hebrew/segoeui-semibold.woff2    37.7 kB          [emitted]         
          fonts/segoeui-hebrew/segoeui-semibold.woff    31.9 kB          [emitted]         
         fonts/segoeui-hebrew/segoeui-semilight.woff    28.9 kB          [emitted]         
           fonts/segoeui-hebrew/segoeui-regular.woff      34 kB          [emitted]         
        fonts/segoeui-vietnamese/segoeui-light.woff2      25 kB          [emitted]         
       fonts/segoeui-vietnamese/segoeui-regular.woff    40.2 kB          [emitted]         
      fonts/segoeui-vietnamese/segoeui-regular.woff2    30.6 kB          [emitted]         
        fonts/segoeui-hebrew/segoeui-semilight.woff2    34.5 kB          [emitted]         
          fonts/segoeui-hebrew/segoeui-regular.woff2    41.6 kB          [emitted]         
         fonts/segoeui-vietnamese/segoeui-light.woff    33.5 kB          [emitted]         
      fonts/segoeui-vietnamese/segoeui-semibold.woff    37.3 kB          [emitted]         
     fonts/segoeui-vietnamese/segoeui-semilight.woff    34.8 kB          [emitted]         
    fonts/segoeui-vietnamese/segoeui-semilight.woff2    25.7 kB          [emitted]         
     fonts/segoeui-vietnamese/segoeui-semibold.woff2    27.3 kB          [emitted]         
        fonts/segoeui-westeuropean/segoeui-light.ttf    40.2 kB          [emitted]         
       fonts/segoeui-westeuropean/segoeui-light.woff    24.7 kB          [emitted]         
      fonts/segoeui-westeuropean/segoeui-light.woff2    20.6 kB          [emitted]         
    fonts/segoeui-westeuropean/segoeui-regular.woff2    26.5 kB          [emitted]         
     fonts/segoeui-westeuropean/segoeui-regular.woff    33.9 kB          [emitted]         
      fonts/segoeui-westeuropean/segoeui-regular.ttf    56.8 kB          [emitted]         
   fonts/segoeui-westeuropean/segoeui-semibold.woff2    23.1 kB          [emitted]         
     fonts/segoeui-westeuropean/segoeui-semibold.ttf      49 kB          [emitted]         
    fonts/segoeui-westeuropean/segoeui-semibold.woff    30.6 kB          [emitted]         
  fonts/segoeui-westeuropean/segoeui-semilight.woff2    21.6 kB          [emitted]         
                    fonts/selawik/selawik-light.woff    19.5 kB          [emitted]         
    fonts/segoeui-westeuropean/segoeui-semilight.ttf    41.6 kB          [emitted]         
                   fonts/selawik/selawik-light.woff2    14.5 kB          [emitted]         
   fonts/segoeui-westeuropean/segoeui-semilight.woff      26 kB          [emitted]         
                fonts/selawik/selawik-semibold.woff2    14.9 kB          [emitted]         
                  fonts/selawik/selawik-regular.woff    19.6 kB          [emitted]         
                 fonts/selawik/selawik-semibold.woff    19.8 kB          [emitted]         
                 fonts/selawik/selawik-regular.woff2    14.6 kB          [emitted]         
               fonts/selawik/selawik-semilight.woff2    14.9 kB          [emitted]         
                fonts/selawik/selawik-semilight.woff    19.9 kB          [emitted]         
           icons/fabric/fabric-icons-0-2e092c7d.woff    11.6 kB          [emitted]         
           icons/fabric/fabric-icons-1-a86438ef.woff    11.9 kB          [emitted]         
          icons/fabric/fabric-icons-14-36569c01.woff    2.36 kB          [emitted]         
          icons/fabric/fabric-icons-11-18d2ffa4.woff    14.5 kB          [emitted]         
          icons/fabric/fabric-icons-10-90d2dc10.woff    10.6 kB          [emitted]         
          icons/fabric/fabric-icons-13-02c4bea1.woff    15.1 kB          [emitted]         
           icons/fabric/fabric-icons-2-e2ae1f0c.woff    12.6 kB          [emitted]         
           icons/fabric/fabric-icons-3-a13cb765.woff      14 kB          [emitted]         
           icons/fabric/fabric-icons-4-97372384.woff    15.5 kB          [emitted]         
          icons/fabric/fabric-icons-12-6c96597e.woff    14.4 kB          [emitted]         
           icons/fabric/fabric-icons-7-143895dd.woff    13.5 kB          [emitted]         
           icons/fabric/fabric-icons-6-2e7e2914.woff    11.3 kB          [emitted]         
           icons/fabric/fabric-icons-8-bd2a110b.woff    13.2 kB          [emitted]         
           icons/fabric/fabric-icons-5-125dbde8.woff    15.3 kB          [emitted]         
           icons/fabric/fabric-icons-9-8ab77260.woff    12.3 kB          [emitted]         
             icons/fabric/fabric-icons-cf6d96bb.woff    6.52 kB          [emitted]         
 [177] ../ui-core/lib/common/component/Error.js 6.94 kB {4} [built]
 [185] ../core/lib/app/AppRouterContext.js 246 bytes {4} [built]
 [301] ../ui-core/lib/app/component/AppHost.js 3.57 kB {4} [built]
 [303] multi ./src/main.tsx 28 bytes {4} [built]
 [304] ./src/main.tsx 741 bytes {4} [built]
 [319] ./src/RootAppHost.ts 189 bytes {4} [built]
 [320] ../core/lib/app/BrowserAppHost.js 7.46 kB {4} [built]
 [327] ../core/lib/common/Context.js 1.12 kB {4} [built]
 [328] ./src/AppRouter.tsx 1.23 kB {4} [built]
 [634] ../ui-core/lib/common/component/Sync.js 4.14 kB {4} [built]
 [653] multi react react-dom mobx mobx-react core-js office-ui-fabric-react 88 bytes {5} [built]
 [865] ./src/user/component/UserProfile.tsx 3.85 kB {3} [built]
 [866] ../ui-sample-base/lib/Form.js 4.51 kB {2} [built]
 [867] ./src/samples/Home.tsx 1.59 kB {0} [built]
 [868] ./src/DefaultApp.tsx 1.29 kB {1} [built]
    + 863 hidden modules
Child html-webpack-plugin for "index.html":
     1 asset
       [0] ../common/temp/node_modules/html-webpack-plugin/lib/loader.js!./src/index.template.ts 768 bytes {0} [built]
