>>> @twii/core
tsc && tsc -p tsconfig.cjs.json && copyfiles -u 1 src/**/*.{scss,css,eot,svg,png,ttf,woff,woff2} lib/ 
src/component/ActivityFilterMenuButton.tsx(3,34): error TS2307: Cannot find module '../IActivityFilterModel'.
src/component/ActivityFilterMenuHelper.tsx(3,34): error TS2307: Cannot find module '../IActivityFilterModel'.
src/component/ActivityFilterMenuHelper.tsx(6,32): error TS2307: Cannot find module '../IActivityListModel'.
src/component/AppContainer.tsx(4,24): error TS2307: Cannot find module '../AppContext'.
src/component/AppContainer.tsx(5,26): error TS2307: Cannot find module '../BasicAppHost'.
src/component/AppWrapper.tsx(11,26): error TS2307: Cannot find module './AppLogo.png'.
src/component/ColumnHelper.tsx(7,35): error TS2307: Cannot find module '../IViewPreferencesModel'.
src/component/DetailsItem.tsx(4,37): error TS2307: Cannot find module '../IDetailsAttributeConfig'.
src/component/DetailsItem.tsx(5,34): error TS2307: Cannot find module '../ViewPreferencesModel'.
src/component/ListContainer.tsx(6,24): error TS2307: Cannot find module '../IListModel'.
src/component/MomentField.tsx(6,72): error TS2307: Cannot find module '../DateFormats'.
src/component/ViewPreferencesMenuItem.tsx(6,35): error TS2307: Cannot find module '../IViewPreferencesModel'.
src/component/ViewTypeInfo.ts(2,22): error TS2307: Cannot find module '../ViewType'.
src/component/ViewTypeMenuHelper.tsx(3,22): error TS2307: Cannot find module '../ViewType'.
src/ConfigContext.ts(2,24): error TS2307: Cannot find module './AppContext'.
src/Context.ts(1,21): error TS2307: Cannot find module './IHandle'.
src/ListModel.ts(1,24): error TS2307: Cannot find module './IListModel'.
src/ListModel.ts(2,23): error TS2307: Cannot find module './SyncModel'.
src/LoggingStorageService.ts(1,29): error TS2307: Cannot find module './IStorageService'.
src/LoggingStorageService.ts(2,28): error TS2307: Cannot find module './AppContext'.
src/model/ActivityListModel.ts(3,40): error TS2307: Cannot find module '../IActivityFilterHandler'.
src/model/HistoryModel.ts(5,39): error TS2307: Cannot find module '../StorageServiceContext'.
src/model/PreferencesModel.ts(5,35): error TS2307: Cannot find module '../StorageServiceContext'.
src/PathTemplate.ts(4,31): error TS2307: Cannot find module 'path-to-regexp'.
src/RouterContext.ts(3,24): error TS2307: Cannot find module './AppContext'.
src/search/SearchDateUtils.ts(3,43): error TS2307: Cannot find module '../DateFormats'.
src/util/Date.ts(3,97): error TS2307: Cannot find module '../DateFormats'.
src/util/Sort.ts(6,31): error TS2307: Cannot find module '../IFieldTransformer'.
src/util/Sort.ts(7,41): error TS2307: Cannot find module '../FieldTransformers'.
