Arguments: 
  C:\Program Files\nodejs\node.exe C:\Program Files (x86)\Yarn\bin\yarn.js install

PATH: 
  C:\Python\Python36\Scripts\;C:\Python\Python36\;C:\ProgramData\Oracle\Java\javapath;C:\WINDOWS\system32;C:\WINDOWS;C:\WINDOWS\System32\Wbem;C:\WINDOWS\System32\WindowsPowerShell\v1.0\;C:\Program Files (x86)\Enterprise Vault\EVClient\;C:\Program Files\Git\cmd;C:\Program Files\nodejs\;C:\Program Files (x86)\Yarn\bin;C:\Program Files (x86)\Hewlett Packard Enterprise\Records Manager\;C:\Program Files\PuTTY\;C:\HashiCorp\Vagrant\bin;C:\Users\excdmj\AppData\Local\Yarn\bin;C:\Program Files\dotnet\;C:\Users\excdmj\AppData\Local\Microsoft\WindowsApps;C:\Users\excdmj\AppData\Local\Programs\Git\cmd;C:\Users\excdmj\AppData\Roaming\npm;C:\Users\excdmj\AppData\Local\Yarn\bin

Yarn version: 
  1.3.2

Node version: 
  8.9.1

Platform: 
  win32 x64

npm manifest: 
  {
    "name": "@twii/ui-core",
    "version": "1.0.0",
    "description": "UI Core Components",
    "main": "index.js",
    "license": "MIT",
    "scripts": {
      "clean": "node task/clean",
      "build": "tsc",
      "build-watch": "tsc-watch",
      "test": "jest"
    },
    "dependencies": {
      "@twii/core": "^1.0.0",
      "lodash.isfunction": "^3.0.8",
      "lodash.isobject": "^3.0.2",
      "lodash.isstring": "^4.0.1",
      "mobx-react": "^4.3.5",
      "office-ui-fabric-react": "^5.29.1",
      "react": "^16.2.0",
      "react-dom": "^16.2.0"
    },
    "devDependencies": {
      "@types/jest": "^21.1.8",
      "jest": "^21.2.1",
      "ts-jest": "^21.2.3",
      "@types/react": "^16.0.25",
      "@types/react-dom": "^16.0.3",
      "@uifabric/merge-styles": "^5.6.0",
      "@uifabric/styling": "^5.10.1",
      "@uifabric/utilities": "^5.4.0",
      "del": "^3.0.0",
      "react-test-renderer": "^16.2.0",
      "typescript": "^2.6.1"
    },
    "jest": {
      "collectCoverage": true,
      "collectCoverageFrom": [
        "src/**/*.ts?(x)",
        "!src/**/*.d.ts?(x)"
      ],
      "coverageDirectory": "__coverage__",
      "transform": {
        ".(ts|tsx)": "./node_modules/ts-jest/preprocessor.js"
      },
      "testMatch": [
        "**/__tests__/**/*Test.ts?(x)"
      ],
      "moduleFileExtensions": [
        "ts",
        "tsx",
        "js"
      ],
      "moduleDirectories": [
        "node_modules",
        "src"
      ]
    }
  }

yarn manifest: 
  No manifest

Lockfile: 
  No lockfile

Trace: 
  Error: https://registry.yarnpkg.com/@twii%2fcore: Not found
      at Request.params.callback [as _callback] (C:\Program Files (x86)\Yarn\lib\cli.js:62098:18)
      at Request.self.callback (C:\Program Files (x86)\Yarn\lib\cli.js:123085:22)
      at emitTwo (events.js:126:13)
      at Request.emit (events.js:214:7)
      at Request.<anonymous> (C:\Program Files (x86)\Yarn\lib\cli.js:124068:10)
      at emitOne (events.js:116:13)
      at Request.emit (events.js:211:7)
      at IncomingMessage.<anonymous> (C:\Program Files (x86)\Yarn\lib\cli.js:123988:12)
      at Object.onceWrapper (events.js:313:30)
      at emitNone (events.js:111:20)
